Currently Loaded Modulefiles:
  1) craype-network-aries               5) atp/1.8.1
  2) craype/2.3.0                       6) PrgEnv-intel/5.2.56
  3) cray-libsci/13.0.3                 7) craype-sandybridge
  4) pmi/5.0.6-1.0000.10439.140.2.ari   8) intel/16.3.210

ftn -c -D_LITTLE_ENDIAN -axCore-AVX2 -g -integer-size 64 -real-size 64 -convert big_endian -assume byterecl -assume nobscc -assume noold_ldout_format -C afnaij.f
afnaij.f(1): (col. 19) remark: afnaij_ has been targeted for automatic cpu dispatch
ftn -c -D_LITTLE_ENDIAN -axCore-AVX2 -g -integer-size 64 -real-size 64 -convert big_endian -assume byterecl -assume nobscc -assume noold_ldout_format -C afostx.f
ftn -c -D_LITTLE_ENDIAN -axCore-AVX2 -g -integer-size 64 -real-size 64 -convert big_endian -assume byterecl -assume nobscc -assume noold_ldout_format -C asc2cdc.F
ftn -c -D_LITTLE_ENDIAN -axCore-AVX2 -g -integer-size 64 -real-size 64 -convert big_endian -assume byterecl -assume nobscc -assume noold_ldout_format -C asc2isp.f
ftn -c -D_LITTLE_ENDIAN -axCore-AVX2 -g -integer-size 64 -real-size 64 -convert big_endian -assume byterecl -assume nobscc -assume noold_ldout_format -C bin2ch.f
bin2ch.f(1): (col. 19) remark: bin2ch_ has been targeted for automatic cpu dispatch
ftn -c -D_LITTLE_ENDIAN -axCore-AVX2 -g -integer-size 64 -real-size 64 -convert big_endian -assume byterecl -assume nobscc -assume noold_ldout_format -C bin2eb.f
bin2eb.f(2): (col. 19) remark: bin2eb_ has been targeted for automatic cpu dispatch
ftn -c -D_LITTLE_ENDIAN -axCore-AVX2 -g -integer-size 64 -real-size 64 -convert big_endian -assume byterecl -assume nobscc -assume noold_ldout_format -C cdc2asc.F
ftn -c -D_LITTLE_ENDIAN -axCore-AVX2 -g -integer-size 64 -real-size 64 -convert big_endian -assume byterecl -assume nobscc -assume noold_ldout_format -C centre.f
centre.f(1): (col. 18) remark: centre_ has been targeted for automatic cpu dispatch
ftn -c -D_LITTLE_ENDIAN -axCore-AVX2 -g -integer-size 64 -real-size 64 -convert big_endian -assume byterecl -assume nobscc -assume noold_ldout_format -C chr2hex.f
ftn -c -D_LITTLE_ENDIAN -axCore-AVX2 -g -integer-size 64 -real-size 64 -convert big_endian -assume byterecl -assume nobscc -assume noold_ldout_format -C clabel.f
clabel.f(1): (col. 18) remark: clabel_ has been targeted for automatic cpu dispatch
ftn -c -D_LITTLE_ENDIAN -axCore-AVX2 -g -integer-size 64 -real-size 64 -convert big_endian -assume byterecl -assume nobscc -assume noold_ldout_format -C closec.f
ftn -c -D_LITTLE_ENDIAN -axCore-AVX2 -g -integer-size 64 -real-size 64 -convert big_endian -assume byterecl -assume nobscc -assume noold_ldout_format -C closed.f
closed.f(1): (col. 18) remark: closed_ has been targeted for automatic cpu dispatch
ftn -c -D_LITTLE_ENDIAN -axCore-AVX2 -g -integer-size 64 -real-size 64 -convert big_endian -assume byterecl -assume nobscc -assume noold_ldout_format -C compl.f
ftn -c -D_LITTLE_ENDIAN -axCore-AVX2 -g -integer-size 64 -real-size 64 -convert big_endian -assume byterecl -assume nobscc -assume noold_ldout_format -C consol.F
ftn -c -D_LITTLE_ENDIAN -axCore-AVX2 -g -integer-size 64 -real-size 64 -convert big_endian -assume byterecl -assume nobscc -assume noold_ldout_format -C dayowk.f
ftn -c -D_LITTLE_ENDIAN -axCore-AVX2 -g -integer-size 64 -real-size 64 -convert big_endian -assume byterecl -assume nobscc -assume noold_ldout_format -C duck.f
duck.f(1): (col. 18) remark: duck_ has been targeted for automatic cpu dispatch
ftn -c -D_LITTLE_ENDIAN -axCore-AVX2 -g -integer-size 64 -real-size 64 -convert big_endian -assume byterecl -assume nobscc -assume noold_ldout_format -C eb2asc.f
ftn -c -D_LITTLE_ENDIAN -axCore-AVX2 -g -integer-size 64 -real-size 64 -convert big_endian -assume byterecl -assume nobscc -assume noold_ldout_format -C echbar.f
echbar.f(1): (col. 18) remark: echbar_ has been targeted for automatic cpu dispatch
ftn -c -D_LITTLE_ENDIAN -axCore-AVX2 -g -integer-size 64 -real-size 64 -convert big_endian -assume byterecl -assume nobscc -assume noold_ldout_format -C endmap.F
ftn -c -D_LITTLE_ENDIAN -axCore-AVX2 -g -integer-size 64 -real-size 64 -convert big_endian -assume byterecl -assume nobscc -assume noold_ldout_format -C format.f
ftn -c -D_LITTLE_ENDIAN -axCore-AVX2 -g -integer-size 64 -real-size 64 -convert big_endian -assume byterecl -assume nobscc -assume noold_ldout_format -C gtapil.f
ftn -c -D_LITTLE_ENDIAN -axCore-AVX2 -g -integer-size 64 -real-size 64 -convert big_endian -assume byterecl -assume nobscc -assume noold_ldout_format -C gtargs.f
ftn -c -D_LITTLE_ENDIAN -axCore-AVX2 -g -integer-size 64 -real-size 64 -convert big_endian -assume byterecl -assume nobscc -assume noold_ldout_format -C hafpakra.f
ftn -c -D_LITTLE_ENDIAN -axCore-AVX2 -g -integer-size 64 -real-size 64 -convert big_endian -assume byterecl -assume nobscc -assume noold_ldout_format -C hilo.f
ftn -c -D_LITTLE_ENDIAN -axCore-AVX2 -g -integer-size 64 -real-size 64 -convert big_endian -assume byterecl -assume nobscc -assume noold_ldout_format -C ij2uor.f
ftn -c -D_LITTLE_ENDIAN -axCore-AVX2 -g -integer-size 64 -real-size 64 -convert big_endian -assume byterecl -assume nobscc -assume noold_ldout_format -C int2ch.f
ftn -c -D_LITTLE_ENDIAN -axCore-AVX2 -g -integer-size 64 -real-size 64 -convert big_endian -assume byterecl -assume nobscc -assume noold_ldout_format -C isdigit.f
ftn -c -D_LITTLE_ENDIAN -axCore-AVX2 -g -integer-size 64 -real-size 64 -convert big_endian -assume byterecl -assume nobscc -assume noold_ldout_format -C iw3get.f
iw3get.f(1): (col. 18) remark: iw3get_ has been targeted for automatic cpu dispatch
iw3get.f(571): (col. 18) remark: w3ft3x2p5_ has been targeted for automatic cpu dispatch
ftn -c -D_LITTLE_ENDIAN -axCore-AVX2 -g -integer-size 64 -real-size 64 -convert big_endian -assume byterecl -assume nobscc -assume noold_ldout_format -C looktlb.f
ftn -c -D_LITTLE_ENDIAN -axCore-AVX2 -g -integer-size 64 -real-size 64 -convert big_endian -assume byterecl -assume nobscc -assume noold_ldout_format -C low2up.f
cc -c -axCore-AVX2 -g -C mask.c
ftn -c -D_LITTLE_ENDIAN -axCore-AVX2 -g -integer-size 64 -real-size 64 -convert big_endian -assume byterecl -assume nobscc -assume noold_ldout_format -C movbitz.f
ftn -c -D_LITTLE_ENDIAN -axCore-AVX2 -g -integer-size 64 -real-size 64 -convert big_endian -assume byterecl -assume nobscc -assume noold_ldout_format -C movch.f
ftn -c -D_LITTLE_ENDIAN -axCore-AVX2 -g -integer-size 64 -real-size 64 -convert big_endian -assume byterecl -assume nobscc -assume noold_ldout_format -C putl_cs.f
ftn -c -D_LITTLE_ENDIAN -axCore-AVX2 -g -integer-size 64 -real-size 64 -convert big_endian -assume byterecl -assume nobscc -assume noold_ldout_format -C putl_fm.f
ftn -c -D_LITTLE_ENDIAN -axCore-AVX2 -g -integer-size 64 -real-size 64 -convert big_endian -assume byterecl -assume nobscc -assume noold_ldout_format -C putl_wr.f
ftn -c -D_LITTLE_ENDIAN -axCore-AVX2 -g -integer-size 64 -real-size 64 -convert big_endian -assume byterecl -assume nobscc -assume noold_ldout_format    putlab.F
putlab.F(4): (col. 18) remark: putlab_ has been targeted for automatic cpu dispatch
ftn -c -D_LITTLE_ENDIAN -axCore-AVX2 -g -integer-size 64 -real-size 64 -convert big_endian -assume byterecl -assume nobscc -assume noold_ldout_format -C qtrpakra.f
ftn -c -D_LITTLE_ENDIAN -axCore-AVX2 -g -integer-size 64 -real-size 64 -convert big_endian -assume byterecl -assume nobscc -assume noold_ldout_format -C savarg.f
ftn -c -D_LITTLE_ENDIAN -axCore-AVX2 -g -integer-size 64 -real-size 64 -convert big_endian -assume byterecl -assume nobscc -assume noold_ldout_format -C strmovv.f
ftn -c -D_LITTLE_ENDIAN -axCore-AVX2 -g -integer-size 64 -real-size 64 -convert big_endian -assume byterecl -assume nobscc -assume noold_ldout_format -C truij.f
truij.f(1): (col. 18) remark: truij_ has been targeted for automatic cpu dispatch
ftn -c -D_LITTLE_ENDIAN -axCore-AVX2 -g -integer-size 64 -real-size 64 -convert big_endian -assume byterecl -assume nobscc -assume noold_ldout_format -C trull.f
trull.f(1): (col. 18) remark: trull_ has been targeted for automatic cpu dispatch
ftn -c -D_LITTLE_ENDIAN -axCore-AVX2 -g -integer-size 64 -real-size 64 -convert big_endian -assume byterecl -assume nobscc -assume noold_ldout_format -C uor2dot.f
uor2dot.f(1): (col. 18) remark: uor2dot_ has been targeted for automatic cpu dispatch
ftn -c -D_LITTLE_ENDIAN -axCore-AVX2 -g -integer-size 64 -real-size 64 -convert big_endian -assume byterecl -assume nobscc -assume noold_ldout_format -C updatr.f
ftn -c -D_LITTLE_ENDIAN -axCore-AVX2 -g -integer-size 64 -real-size 64 -convert big_endian -assume byterecl -assume nobscc -assume noold_ldout_format -C w3fp02.f
w3fp02.f(1): (col. 18) remark: w3fp02_ has been targeted for automatic cpu dispatch
w3fp02.f(104): (col. 18) remark: fp02_ln1_ has been targeted for automatic cpu dispatch
ftn -c -D_LITTLE_ENDIAN -axCore-AVX2 -g -integer-size 64 -real-size 64 -convert big_endian -assume byterecl -assume nobscc -assume noold_ldout_format -C w3fs23.f
ftn -c -D_LITTLE_ENDIAN -axCore-AVX2 -g -integer-size 64 -real-size 64 -convert big_endian -assume byterecl -assume nobscc -assume noold_ldout_format -C wndbrk.f
ftn -c -D_LITTLE_ENDIAN -axCore-AVX2 -g -integer-size 64 -real-size 64 -convert big_endian -assume byterecl -assume nobscc -assume noold_ldout_format -C wndcon.f
ftn -c -D_LITTLE_ENDIAN -axCore-AVX2 -g -integer-size 64 -real-size 64 -convert big_endian -assume byterecl -assume nobscc -assume noold_ldout_format -C wndirdig.f
wndirdig.f(1): (col. 18) remark: wndirdig_ has been targeted for automatic cpu dispatch
ftn -c -D_LITTLE_ENDIAN -axCore-AVX2 -g -integer-size 64 -real-size 64 -convert big_endian -assume byterecl -assume nobscc -assume noold_ldout_format -C wndirt.f
wndirt.f(1): (col. 18) remark: wndirt_ has been targeted for automatic cpu dispatch
ftn -c -D_LITTLE_ENDIAN -axCore-AVX2 -g -integer-size 64 -real-size 64 -convert big_endian -assume byterecl -assume nobscc -assume noold_ldout_format -C xasc2asc.f
ftn -c -D_LITTLE_ENDIAN -axCore-AVX2 -g -integer-size 64 -real-size 64 -convert big_endian -assume byterecl -assume nobscc -assume noold_ldout_format -C zplot.f
zplot.f(1): (col. 18) remark: zplot_ has been targeted for automatic cpu dispatch
ar -crv libgph_8.a afnaij.o afostx.o asc2cdc.o asc2isp.o bin2ch.o bin2eb.o cdc2asc.o centre.o chr2hex.o clabel.o closec.o closed.o compl.o consol.o dayowk.o duck.o eb2asc.o echbar.o endmap.o format.o gtapil.o gtargs.o hafpakra.o hilo.o ij2uor.o int2ch.o isdigit.o iw3get.o looktlb.o low2up.o mask.o movbitz.o movch.o putl_cs.o putl_fm.o putl_wr.o putlab.o qtrpakra.o savarg.o strmovv.o truij.o trull.o uor2dot.o updatr.o w3fp02.o w3fs23.o wndbrk.o wndcon.o wndirdig.o wndirt.o xasc2asc.o zplot.o
a - afnaij.o
a - afostx.o
a - asc2cdc.o
a - asc2isp.o
a - bin2ch.o
a - bin2eb.o
a - cdc2asc.o
a - centre.o
a - chr2hex.o
a - clabel.o
a - closec.o
a - closed.o
a - compl.o
a - consol.o
a - dayowk.o
a - duck.o
a - eb2asc.o
a - echbar.o
a - endmap.o
a - format.o
a - gtapil.o
a - gtargs.o
a - hafpakra.o
a - hilo.o
a - ij2uor.o
a - int2ch.o
a - isdigit.o
a - iw3get.o
a - looktlb.o
a - low2up.o
a - mask.o
a - movbitz.o
a - movch.o
a - putl_cs.o
a - putl_fm.o
a - putl_wr.o
a - putlab.o
a - qtrpakra.o
a - savarg.o
a - strmovv.o
a - truij.o
a - trull.o
a - uor2dot.o
a - updatr.o
a - w3fp02.o
a - w3fs23.o
a - wndbrk.o
a - wndcon.o
a - wndirdig.o
a - wndirt.o
a - xasc2asc.o
a - zplot.o
ranlib libgph_8.a
