ModuleCmd_Switch.c(172):ERROR:152: Module 'craype-sandybridge' is currently not loaded
Currently Loaded Modulefiles:
  1) modules/3.2.6.7
  2) eswrap/1.3.3-1.020200.1278.0
  3) switch/1.0-1.0502.57058.1.58.ari
  4) /opt/cray/craype/default/modulefiles/craype-network-aries
  5) ncep/1.0
  6) craype-haswell
  7) xt-lsfhpc/9.1.3
  8) prod_util/1.0.5
  9) imagemagick-intel-sandybridge/6.8.3
 10) GrADS/2.0.2
 11) craype/2.3.0
 12) cray-libsci/13.0.3
 13) udreg/2.3.2-1.0502.9889.2.20.ari
 14) ugni/6.0-1.0502.10245.9.9.ari
 15) pmi/5.0.6-1.0000.10439.140.2.ari
 16) dmapp/7.0.1-1.0502.10246.8.47.ari
 17) gni-headers/4.0-1.0502.10317.9.2.ari
 18) xpmem/0.1-2.0502.57015.1.15.ari
 19) dvs/2.5_0.9.0-1.0502.1958.2.55.ari
 20) alps/5.2.3-2.0502.9295.14.14.ari
 21) rca/1.0.0-2.0502.57212.2.56.ari
 22) atp/1.8.1
 23) PrgEnv-intel/5.2.56
 24) intel/16.3.210
+ '[' -f ./libdecod_ut_v2.0.0.a ']'
+ rm -f ./libdecod_ut_v2.0.0.a
+ makedecod_ut.sh
ifort -c  -O3 -I./include -I/gpfs/hps/nco/ops/nwprod/gempak.v6.32.0/nawips/gempak/include -I/gpfs/hps/nco/ops/nwprod/gempak.v6.32.0/nawips/os/linux3.0.101_x86_64/include  errwrt.f
ar -ruv   libdecod_ut_v2.0.0.a errwrt.o
ar: creating libdecod_ut_v2.0.0.a
a - errwrt.o
rm -f errwrt.o
ifort -c  -O3 -I./include -I/gpfs/hps/nco/ops/nwprod/gempak.v6.32.0/nawips/gempak/include -I/gpfs/hps/nco/ops/nwprod/gempak.v6.32.0/nawips/os/linux3.0.101_x86_64/include  ut85dy.f
ar -ruv   libdecod_ut_v2.0.0.a ut85dy.o
a - ut85dy.o
rm -f ut85dy.o
ifort -c  -O3 -I./include -I/gpfs/hps/nco/ops/nwprod/gempak.v6.32.0/nawips/gempak/include -I/gpfs/hps/nco/ops/nwprod/gempak.v6.32.0/nawips/os/linux3.0.101_x86_64/include  utbfci.f
ar -ruv   libdecod_ut_v2.0.0.a utbfci.o
a - utbfci.o
rm -f utbfci.o
ifort -c  -O3 -I./include -I/gpfs/hps/nco/ops/nwprod/gempak.v6.32.0/nawips/gempak/include -I/gpfs/hps/nco/ops/nwprod/gempak.v6.32.0/nawips/os/linux3.0.101_x86_64/include  utbfpa.f
ar -ruv   libdecod_ut_v2.0.0.a utbfpa.o
a - utbfpa.o
rm -f utbfpa.o
ifort -c  -O3 -I./include -I/gpfs/hps/nco/ops/nwprod/gempak.v6.32.0/nawips/gempak/include -I/gpfs/hps/nco/ops/nwprod/gempak.v6.32.0/nawips/os/linux3.0.101_x86_64/include  utbfpm.f
ar -ruv   libdecod_ut_v2.0.0.a utbfpm.o
a - utbfpm.o
rm -f utbfpm.o
ifort -c  -O3 -I./include -I/gpfs/hps/nco/ops/nwprod/gempak.v6.32.0/nawips/gempak/include -I/gpfs/hps/nco/ops/nwprod/gempak.v6.32.0/nawips/os/linux3.0.101_x86_64/include  utbfpw.f
ar -ruv   libdecod_ut_v2.0.0.a utbfpw.o
a - utbfpw.o
rm -f utbfpw.o
ifort -c  -O3 -I./include -I/gpfs/hps/nco/ops/nwprod/gempak.v6.32.0/nawips/gempak/include -I/gpfs/hps/nco/ops/nwprod/gempak.v6.32.0/nawips/os/linux3.0.101_x86_64/include  utbfri.f
ar -ruv   libdecod_ut_v2.0.0.a utbfri.o
a - utbfri.o
rm -f utbfri.o
ifort -c  -O3 -I./include -I/gpfs/hps/nco/ops/nwprod/gempak.v6.32.0/nawips/gempak/include -I/gpfs/hps/nco/ops/nwprod/gempak.v6.32.0/nawips/os/linux3.0.101_x86_64/include  utbkgp.f
ar -ruv   libdecod_ut_v2.0.0.a utbkgp.o
a - utbkgp.o
rm -f utbkgp.o
ifort -c  -O3 -I./include -I/gpfs/hps/nco/ops/nwprod/gempak.v6.32.0/nawips/gempak/include -I/gpfs/hps/nco/ops/nwprod/gempak.v6.32.0/nawips/os/linux3.0.101_x86_64/include  utbmri.f
ar -ruv   libdecod_ut_v2.0.0.a utbmri.o
a - utbmri.o
rm -f utbmri.o
ifort -c  -O3 -I./include -I/gpfs/hps/nco/ops/nwprod/gempak.v6.32.0/nawips/gempak/include -I/gpfs/hps/nco/ops/nwprod/gempak.v6.32.0/nawips/os/linux3.0.101_x86_64/include  utc2r8.f
ar -ruv   libdecod_ut_v2.0.0.a utc2r8.o
a - utc2r8.o
rm -f utc2r8.o
ifort -c  -O3 -I./include -I/gpfs/hps/nco/ops/nwprod/gempak.v6.32.0/nawips/gempak/include -I/gpfs/hps/nco/ops/nwprod/gempak.v6.32.0/nawips/os/linux3.0.101_x86_64/include  utcbs3.f
ar -ruv   libdecod_ut_v2.0.0.a utcbs3.o
a - utcbs3.o
rm -f utcbs3.o
ifort -c  -O3 -I./include -I/gpfs/hps/nco/ops/nwprod/gempak.v6.32.0/nawips/gempak/include -I/gpfs/hps/nco/ops/nwprod/gempak.v6.32.0/nawips/os/linux3.0.101_x86_64/include  utcibf.f
ar -ruv   libdecod_ut_v2.0.0.a utcibf.o
a - utcibf.o
rm -f utcibf.o
ifort -c  -O3 -I./include -I/gpfs/hps/nco/ops/nwprod/gempak.v6.32.0/nawips/gempak/include -I/gpfs/hps/nco/ops/nwprod/gempak.v6.32.0/nawips/os/linux3.0.101_x86_64/include  utcurr.f
ar -ruv   libdecod_ut_v2.0.0.a utcurr.o
a - utcurr.o
rm -f utcurr.o
ifort -c  -O3 -I./include -I/gpfs/hps/nco/ops/nwprod/gempak.v6.32.0/nawips/gempak/include -I/gpfs/hps/nco/ops/nwprod/gempak.v6.32.0/nawips/os/linux3.0.101_x86_64/include  utemsg.f
ar -ruv   libdecod_ut_v2.0.0.a utemsg.o
a - utemsg.o
rm -f utemsg.o
ifort -c  -O3 -I./include -I/gpfs/hps/nco/ops/nwprod/gempak.v6.32.0/nawips/gempak/include -I/gpfs/hps/nco/ops/nwprod/gempak.v6.32.0/nawips/os/linux3.0.101_x86_64/include  utiwbf.f
ar -ruv   libdecod_ut_v2.0.0.a utiwbf.o
a - utiwbf.o
rm -f utiwbf.o
ifort -c  -O3 -I./include -I/gpfs/hps/nco/ops/nwprod/gempak.v6.32.0/nawips/gempak/include -I/gpfs/hps/nco/ops/nwprod/gempak.v6.32.0/nawips/os/linux3.0.101_x86_64/include  utmdqi.f
ar -ruv   libdecod_ut_v2.0.0.a utmdqi.o
a - utmdqi.o
rm -f utmdqi.o
ifort -c  -O3 -I./include -I/gpfs/hps/nco/ops/nwprod/gempak.v6.32.0/nawips/gempak/include -I/gpfs/hps/nco/ops/nwprod/gempak.v6.32.0/nawips/os/linux3.0.101_x86_64/include  utmdri.f
ar -ruv   libdecod_ut_v2.0.0.a utmdri.o
a - utmdri.o
rm -f utmdri.o
ifort -c  -O3 -I./include -I/gpfs/hps/nco/ops/nwprod/gempak.v6.32.0/nawips/gempak/include -I/gpfs/hps/nco/ops/nwprod/gempak.v6.32.0/nawips/os/linux3.0.101_x86_64/include  utprvs.f
ar -ruv   libdecod_ut_v2.0.0.a utprvs.o
a - utprvs.o
rm -f utprvs.o
ifort -c  -O3 -I./include -I/gpfs/hps/nco/ops/nwprod/gempak.v6.32.0/nawips/gempak/include -I/gpfs/hps/nco/ops/nwprod/gempak.v6.32.0/nawips/os/linux3.0.101_x86_64/include  utqibf.f
ar -ruv   libdecod_ut_v2.0.0.a utqibf.o
a - utqibf.o
rm -f utqibf.o
ifort -c  -O3 -I./include -I/gpfs/hps/nco/ops/nwprod/gempak.v6.32.0/nawips/gempak/include -I/gpfs/hps/nco/ops/nwprod/gempak.v6.32.0/nawips/os/linux3.0.101_x86_64/include  utr82c.f
ar -ruv   libdecod_ut_v2.0.0.a utr82c.o
a - utr82c.o
rm -f utr82c.o
ifort -c  -O3 -I./include -I/gpfs/hps/nco/ops/nwprod/gempak.v6.32.0/nawips/gempak/include -I/gpfs/hps/nco/ops/nwprod/gempak.v6.32.0/nawips/os/linux3.0.101_x86_64/include  utribf.f
ar -ruv   libdecod_ut_v2.0.0.a utribf.o
a - utribf.o
rm -f utribf.o
ifort -c  -O3 -I./include -I/gpfs/hps/nco/ops/nwprod/gempak.v6.32.0/nawips/gempak/include -I/gpfs/hps/nco/ops/nwprod/gempak.v6.32.0/nawips/os/linux3.0.101_x86_64/include  utribm.f
ar -ruv   libdecod_ut_v2.0.0.a utribm.o
a - utribm.o
rm -f utribm.o
ifort -c  -O3 -I./include -I/gpfs/hps/nco/ops/nwprod/gempak.v6.32.0/nawips/gempak/include -I/gpfs/hps/nco/ops/nwprod/gempak.v6.32.0/nawips/os/linux3.0.101_x86_64/include  utsec3.f
ar -ruv   libdecod_ut_v2.0.0.a utsec3.o
a - utsec3.o
rm -f utsec3.o
ifort -c  -O3 -I./include -I/gpfs/hps/nco/ops/nwprod/gempak.v6.32.0/nawips/gempak/include -I/gpfs/hps/nco/ops/nwprod/gempak.v6.32.0/nawips/os/linux3.0.101_x86_64/include  utwbfr.f
ar -ruv   libdecod_ut_v2.0.0.a utwbfr.o
a - utwbfr.o
rm -f utwbfr.o
icc -c  -O3 -DUNDERSCORE dbn_bufr.c
ar -ruv    libdecod_ut_v2.0.0.a dbn_bufr.o
a - dbn_bufr.o
rm -f dbn_bufr.o
+ mkdir -p ../../cray
+ cp ./libdecod_ut_v2.0.0.a ../../cray
