Currently Loaded Modulefiles:
  1) modules/3.2.6.7
  2) eswrap/1.3.3-1.020200.1278.0
  3) switch/1.0-1.0502.57058.1.58.ari
  4) /opt/cray/craype/default/modulefiles/craype-network-aries
  5) ncep/1.0
  6) craype-sandybridge
  7) xt-lsfhpc/9.1.3
  8) prod_util/1.0.5
  9) imagemagick-intel-sandybridge/6.8.3
 10) GrADS/2.0.2
 11) craype/2.3.0
 12) cray-libsci/13.0.3
 13) udreg/2.3.2-1.0502.9889.2.20.ari
 14) ugni/6.0-1.0502.10245.9.9.ari
 15) pmi/5.0.6-1.0000.10439.140.2.ari
 16) dmapp/7.0.1-1.0502.10246.8.47.ari
 17) gni-headers/4.0-1.0502.10317.9.2.ari
 18) xpmem/0.1-2.0502.57015.1.15.ari
 19) dvs/2.5_0.9.0-1.0502.1958.2.55.ari
 20) alps/5.2.3-2.0502.9295.14.14.ari
 21) rca/1.0.0-2.0502.57212.2.56.ari
 22) atp/1.8.1
 23) PrgEnv-intel/5.2.56
 24) intel/16.3.210
+ '[' -f ./libgphfont_v2.0.0_8.a ']'
+ make
ifort -c -O -g -D_LITTLE_ENDIAN -C -i8 -r8 -assume byterecl -convert big_endian -assume nobscc -assume noold_ldout_format chindx.f
ifort -c -O -g -D_LITTLE_ENDIAN -C -i8 -r8 -assume byterecl -convert big_endian -assume nobscc -assume noold_ldout_format chindxe.f
ifort -c -O -g -D_LITTLE_ENDIAN -C -i8 -r8 -assume byterecl -convert big_endian -assume nobscc -assume noold_ldout_format font01.f
ifort -c -O -g -D_LITTLE_ENDIAN -C -i8 -r8 -assume byterecl -convert big_endian -assume nobscc -assume noold_ldout_format font02.f
ifort -c -O -g -D_LITTLE_ENDIAN -C -i8 -r8 -assume byterecl -convert big_endian -assume nobscc -assume noold_ldout_format font03.f
ifort -c -O -g -D_LITTLE_ENDIAN -C -i8 -r8 -assume byterecl -convert big_endian -assume nobscc -assume noold_ldout_format font04.f
ifort -c -O -g -D_LITTLE_ENDIAN -C -i8 -r8 -assume byterecl -convert big_endian -assume nobscc -assume noold_ldout_format font05.f
ifort -c -O -g -D_LITTLE_ENDIAN -C -i8 -r8 -assume byterecl -convert big_endian -assume nobscc -assume noold_ldout_format font06.f
ifort -c -O -g -D_LITTLE_ENDIAN -C -i8 -r8 -assume byterecl -convert big_endian -assume nobscc -assume noold_ldout_format font07.f
ifort -c -O -g -D_LITTLE_ENDIAN -C -i8 -r8 -assume byterecl -convert big_endian -assume nobscc -assume noold_ldout_format font08.f
ifort -c -O -g -D_LITTLE_ENDIAN -C -i8 -r8 -assume byterecl -convert big_endian -assume nobscc -assume noold_ldout_format font09.f
ifort -c -O -g -D_LITTLE_ENDIAN -C -i8 -r8 -assume byterecl -convert big_endian -assume nobscc -assume noold_ldout_format font10.f
ifort -c -O -g -D_LITTLE_ENDIAN -C -i8 -r8 -assume byterecl -convert big_endian -assume nobscc -assume noold_ldout_format font11.f
ifort -c -O -g -D_LITTLE_ENDIAN -C -i8 -r8 -assume byterecl -convert big_endian -assume nobscc -assume noold_ldout_format font12.f
ifort -c -O -g -D_LITTLE_ENDIAN -C -i8 -r8 -assume byterecl -convert big_endian -assume nobscc -assume noold_ldout_format font13.f
ifort -c -O -g -D_LITTLE_ENDIAN -C -i8 -r8 -assume byterecl -convert big_endian -assume nobscc -assume noold_ldout_format font15.f
ifort -c -O -g -D_LITTLE_ENDIAN -C -i8 -r8 -assume byterecl -convert big_endian -assume nobscc -assume noold_ldout_format font16.f
ifort -c -O -g -D_LITTLE_ENDIAN -C -i8 -r8 -assume byterecl -convert big_endian -assume nobscc -assume noold_ldout_format font17.f
ifort -c -O -g -D_LITTLE_ENDIAN -C -i8 -r8 -assume byterecl -convert big_endian -assume nobscc -assume noold_ldout_format font18.f
ifort -c -O -g -D_LITTLE_ENDIAN -C -i8 -r8 -assume byterecl -convert big_endian -assume nobscc -assume noold_ldout_format font19.f
ifort -c -O -g -D_LITTLE_ENDIAN -C -i8 -r8 -assume byterecl -convert big_endian -assume nobscc -assume noold_ldout_format font20.f
ifort -c -O -g -D_LITTLE_ENDIAN -C -i8 -r8 -assume byterecl -convert big_endian -assume nobscc -assume noold_ldout_format font21.f
ifort -c -O -g -D_LITTLE_ENDIAN -C -i8 -r8 -assume byterecl -convert big_endian -assume nobscc -assume noold_ldout_format font22.f
ifort -c -O -g -D_LITTLE_ENDIAN -C -i8 -r8 -assume byterecl -convert big_endian -assume nobscc -assume noold_ldout_format font23.f
ifort -c -O -g -D_LITTLE_ENDIAN -C -i8 -r8 -assume byterecl -convert big_endian -assume nobscc -assume noold_ldout_format font24.f
ifort -c -O -g -D_LITTLE_ENDIAN -C -i8 -r8 -assume byterecl -convert big_endian -assume nobscc -assume noold_ldout_format font25.f
ifort -c -O -g -D_LITTLE_ENDIAN -C -i8 -r8 -assume byterecl -convert big_endian -assume nobscc -assume noold_ldout_format font26.f
ifort -c -O -g -D_LITTLE_ENDIAN -C -i8 -r8 -assume byterecl -convert big_endian -assume nobscc -assume noold_ldout_format font27.f
ifort -c -O -g -D_LITTLE_ENDIAN -C -i8 -r8 -assume byterecl -convert big_endian -assume nobscc -assume noold_ldout_format font28.f
ifort -c -O -g -D_LITTLE_ENDIAN -C -i8 -r8 -assume byterecl -convert big_endian -assume nobscc -assume noold_ldout_format font29.f
ifort -c -O -g -D_LITTLE_ENDIAN -C -i8 -r8 -assume byterecl -convert big_endian -assume nobscc -assume noold_ldout_format font30.f
ifort -c -O -g -D_LITTLE_ENDIAN -C -i8 -r8 -assume byterecl -convert big_endian -assume nobscc -assume noold_ldout_format font31.f
ifort -c -O -g -D_LITTLE_ENDIAN -C -i8 -r8 -assume byterecl -convert big_endian -assume nobscc -assume noold_ldout_format font32.f
ifort -c -O -g -D_LITTLE_ENDIAN -C -i8 -r8 -assume byterecl -convert big_endian -assume nobscc -assume noold_ldout_format font33.f
ifort -c -O -g -D_LITTLE_ENDIAN -C -i8 -r8 -assume byterecl -convert big_endian -assume nobscc -assume noold_ldout_format font34.f
ifort -c -O -g -D_LITTLE_ENDIAN -C -i8 -r8 -assume byterecl -convert big_endian -assume nobscc -assume noold_ldout_format font35.f
ifort -c -O -g -D_LITTLE_ENDIAN -C -i8 -r8 -assume byterecl -convert big_endian -assume nobscc -assume noold_ldout_format font36.f
ifort -c -O -g -D_LITTLE_ENDIAN -C -i8 -r8 -assume byterecl -convert big_endian -assume nobscc -assume noold_ldout_format font37.f
ifort -c -O -g -D_LITTLE_ENDIAN -C -i8 -r8 -assume byterecl -convert big_endian -assume nobscc -assume noold_ldout_format font38.f
ifort -c -O -g -D_LITTLE_ENDIAN -C -i8 -r8 -assume byterecl -convert big_endian -assume nobscc -assume noold_ldout_format font39.f
ifort -c -O -g -D_LITTLE_ENDIAN -C -i8 -r8 -assume byterecl -convert big_endian -assume nobscc -assume noold_ldout_format font40.f
ifort -c -O -g -D_LITTLE_ENDIAN -C -i8 -r8 -assume byterecl -convert big_endian -assume nobscc -assume noold_ldout_format font41.f
ifort -c -O -g -D_LITTLE_ENDIAN -C -i8 -r8 -assume byterecl -convert big_endian -assume nobscc -assume noold_ldout_format font42.f
ifort -c -O -g -D_LITTLE_ENDIAN -C -i8 -r8 -assume byterecl -convert big_endian -assume nobscc -assume noold_ldout_format font43.f
ifort -c -O -g -D_LITTLE_ENDIAN -C -i8 -r8 -assume byterecl -convert big_endian -assume nobscc -assume noold_ldout_format font44.f
ar -crv libgphfont_v2.0.0_8.a chindx.o chindxe.o font01.o font02.o font03.o font04.o font05.o font06.o font07.o font08.o font09.o font10.o font11.o font12.o font13.o font15.o font16.o font17.o font18.o font19.o font20.o font21.o font22.o font23.o font24.o font25.o font26.o font27.o font28.o font29.o font30.o font31.o font32.o font33.o font34.o font35.o font36.o font37.o font38.o font39.o font40.o font41.o font42.o font43.o font44.o
a - chindx.o
a - chindxe.o
a - font01.o
a - font02.o
a - font03.o
a - font04.o
a - font05.o
a - font06.o
a - font07.o
a - font08.o
a - font09.o
a - font10.o
a - font11.o
a - font12.o
a - font13.o
a - font15.o
a - font16.o
a - font17.o
a - font18.o
a - font19.o
a - font20.o
a - font21.o
a - font22.o
a - font23.o
a - font24.o
a - font25.o
a - font26.o
a - font27.o
a - font28.o
a - font29.o
a - font30.o
a - font31.o
a - font32.o
a - font33.o
a - font34.o
a - font35.o
a - font36.o
a - font37.o
a - font38.o
a - font39.o
a - font40.o
a - font41.o
a - font42.o
a - font43.o
a - font44.o
ranlib libgphfont_v2.0.0_8.a
+ mkdir -p ../../intel
+ cp ./libgphfont_v2.0.0_8.a ../../intel
+ make clean
/bin/rm -f libgphfont_v2.0.0_8.a *.o
